Unity Editor version:    2022.3.12f1 (4fe6e059c7ef)
Branch:                  2022.3/release
Build type:              Release
Batch mode:              YES
macOS version:           Version 14.4 (Build 23E214)
Darwin version:          23.4.0
Architecture:            arm64
Running under Rosetta:   NO
Available memory:        32768 MB
Using pre-set license
Pro License: YES

COMMAND LINE ARGUMENTS:
/Applications/Unity/Hub/Editor/2022.3.12f1/Unity.app/Contents/MacOS/Unity
-adb2
-batchMode
-noUpm
-name
AssetImportWorker0
-projectPath
/Users/simonparedes143/Documents/GitHub/P5-Spring-Final-Game-2024/P5-Finals-Games
-logFile
Logs/AssetImportWorker0.log
-srvPort
50231
Successfully changed project path to: /Users/simonparedes143/Documents/GitHub/P5-Spring-Final-Game-2024/P5-Finals-Games
Could not lock editor preferences. Preferences updates for this instance of Unity will not be saved./Users/simonparedes143/Documents/GitHub/P5-Spring-Final-Game-2024/P5-Finals-Games
[UnityMemory] Configuration Parameters - Can be set up in boot.config
    "memorysetup-bucket-allocator-granularity=16"
    "memorysetup-bucket-allocator-bucket-count=8"
    "memorysetup-bucket-allocator-block-size=33554432"
    "memorysetup-bucket-allocator-block-count=8"
    "memorysetup-main-allocator-block-size=16777216"
    "memorysetup-thread-allocator-block-size=16777216"
    "memorysetup-gfx-main-allocator-block-size=16777216"
    "memorysetup-gfx-thread-allocator-block-size=16777216"
    "memorysetup-cache-allocator-block-size=4194304"
    "memorysetup-typetree-allocator-block-size=2097152"
    "memorysetup-profiler-bucket-allocator-granularity=16"
    "memorysetup-profiler-bucket-allocator-bucket-count=8"
    "memorysetup-profiler-bucket-allocator-block-size=33554432"
    "memorysetup-profiler-bucket-allocator-block-count=8"
    "memorysetup-profiler-allocator-block-size=16777216"
    "memorysetup-profiler-editor-allocator-block-size=1048576"
    "memorysetup-temp-allocator-size-main=16777216"
    "memorysetup-job-temp-allocator-block-size=2097152"
    "memorysetup-job-temp-allocator-block-size-background=1048576"
    "memorysetup-job-temp-allocator-reduction-small-platforms=262144"
    "memorysetup-allocator-temp-initial-block-size-main=262144"
    "memorysetup-allocator-temp-initial-block-size-worker=262144"
    "memorysetup-temp-allocator-size-background-worker=32768"
    "memorysetup-temp-allocator-size-job-worker=262144"
    "memorysetup-temp-allocator-size-preload-manager=33554432"
    "memorysetup-temp-allocator-size-nav-mesh-worker=65536"
    "memorysetup-temp-allocator-size-audio-worker=65536"
    "memorysetup-temp-allocator-size-cloud-worker=32768"
    "memorysetup-temp-allocator-size-gi-baking-worker=262144"
    "memorysetup-temp-allocator-size-gfx=262144"
Player connection [8280324800] Host "[IP] 10.94.19.167 [Port] 0 [Flags] 2 [Guid] 1307967425 [EditorId] 1307967425 [Version] 1048832 [Id] OSXEditor(0,mac-studio.rusd.edu) [Debug] 1 [PackageName] OSXEditor [ProjectName] Editor" joined multi-casting on [225.0.0.222:54997]...

Player connection [8280324800] Host "[IP] 10.94.19.167 [Port] 0 [Flags] 2 [Guid] 1307967425 [EditorId] 1307967425 [Version] 1048832 [Id] OSXEditor(0,mac-studio.rusd.edu) [Debug] 1 [PackageName] OSXEditor [ProjectName] Editor" joined alternative multi-casting on [225.0.0.222:34997]...

[Physics::Module] Initialized MultithreadedJobDispatcher with 11 workers.
Refreshing native plugins compatible for Editor in 2.29 ms, found 2 plugins.
Preloading 0 native plugins for Editor in 0.00 ms.
Initialize engine version: 2022.3.12f1 (4fe6e059c7ef)
[Subsystems] Discovering subsystems at path /Applications/Unity/Hub/Editor/2022.3.12f1/Unity.app/Contents/Resources/UnitySubsystems
[Subsystems] Discovering subsystems at path /Users/simonparedes143/Documents/GitHub/P5-Spring-Final-Game-2024/P5-Finals-Games/Assets
GfxDevice: creating device client; threaded=0; jobified=0
 preferred device: Apple M2 Max (high power)
Metal devices available: 1
0: Apple M2 Max (high power)
Using device Apple M2 Max (high power)
Initializing Metal device caps: Apple M2 Max
Initialize mono
Mono path[0] = '/Applications/Unity/Hub/Editor/2022.3.12f1/Unity.app/Contents/Managed'
Mono path[1] = '/Applications/Unity/Hub/Editor/2022.3.12f1/Unity.app/Contents/MonoBleedingEdge/lib/mono/unityjit-macos'
Mono config path = '/Applications/Unity/Hub/Editor/2022.3.12f1/Unity.app/Contents/MonoBleedingEdge/etc'
Using monoOptions --debugger-agent=transport=dt_socket,embedding=1,server=y,suspend=n,address=127.0.0.1:56498
Begin MonoManager ReloadAssembly
Registering precompiled unity dll's ...
Register platform support module: /Applications/Unity/Hub/Editor/2022.3.12f1/PlaybackEngines/WebGLSupport/UnityEditor.WebGL.Extensions.dll
Register platform support module: /Applications/Unity/Hub/Editor/2022.3.12f1/Unity.app/Contents/PlaybackEngines/MacStandaloneSupport/UnityEditor.OSXStandalone.Extensions.dll
Registered in 0.001025 seconds.
- Loaded All Assemblies, in  0.182 seconds
Native extension for OSXStandalone target not found
Native extension for WebGL target not found
Mono: successfully reloaded assembly
- Finished resetting the current domain, in  0.138 seconds
Domain Reload Profiling: 320ms
	BeginReloadAssembly (44ms)
		ExecutionOrderSort (0ms)
		DisableScriptedObjects (0ms)
		BackupInstance (0ms)
		ReleaseScriptingObjects (0ms)
		CreateAndSetChildDomain (0ms)
	RebuildCommonClasses (21ms)
	RebuildNativeTypeToScriptingClass (8ms)
	initialDomainReloadingComplete (27ms)
	LoadAllAssembliesAndSetupDomain (83ms)
		LoadAssemblies (44ms)
		RebuildTransferFunctionScriptingTraits (0ms)
		AnalyzeDomain (82ms)
			TypeCache.Refresh (81ms)
				TypeCache.ScanAssembly (74ms)
			ScanForSourceGeneratedMonoScriptInfo (0ms)
			ResolveRequiredComponents (0ms)
	FinalizeReload (138ms)
		ReleaseScriptCaches (0ms)
		RebuildScriptCaches (0ms)
		SetupLoadedEditorAssemblies (102ms)
			LogAssemblyErrors (0ms)
			InitializePlatformSupportModulesInManaged (4ms)
			SetLoadedEditorAssemblies (4ms)
			RefreshPlugins (0ms)
			BeforeProcessingInitializeOnLoad (1ms)
			ProcessInitializeOnLoadAttributes (69ms)
			ProcessInitializeOnLoadMethodAttributes (24ms)
			AfterProcessingInitializeOnLoad (0ms)
			EditorAssembliesLoaded (0ms)
		ExecutionOrderSort2 (0ms)
		AwakeInstancesAfterBackupRestoration (0ms)
========================================================================
Worker process is ready to serve import requests
Begin MonoManager ReloadAssembly
- Loaded All Assemblies, in  0.307 seconds
Refreshing native plugins compatible for Editor in 0.76 ms, found 2 plugins.
Native extension for OSXStandalone target not found
Native extension for WebGL target not found
Package Manager log level set to [2]
[Package Manager] Server::EnsureServerProcessIsRunning -- launch failed, reason: Unity was launched with the -noUpm command-line argument
[Package Manager] UpmClient::Send -- Unable to send message (not connected to UPM process).
[Package Manager] Cannot connect to Unity Package Manager local server
Mono: successfully reloaded assembly
- Finished resetting the current domain, in  0.290 seconds
Domain Reload Profiling: 597ms
	BeginReloadAssembly (64ms)
		ExecutionOrderSort (0ms)
		DisableScriptedObjects (3ms)
		BackupInstance (0ms)
		ReleaseScriptingObjects (0ms)
		CreateAndSetChildDomain (14ms)
	RebuildCommonClasses (21ms)
	RebuildNativeTypeToScriptingClass (7ms)
	initialDomainReloadingComplete (20ms)
	LoadAllAssembliesAndSetupDomain (195ms)
		LoadAssemblies (117ms)
		RebuildTransferFunctionScriptingTraits (0ms)
		AnalyzeDomain (105ms)
			TypeCache.Refresh (96ms)
				TypeCache.ScanAssembly (87ms)
			ScanForSourceGeneratedMonoScriptInfo (6ms)
			ResolveRequiredComponents (2ms)
	FinalizeReload (290ms)
		ReleaseScriptCaches (0ms)
		RebuildScriptCaches (0ms)
		SetupLoadedEditorAssemblies (209ms)
			LogAssemblyErrors (0ms)
			InitializePlatformSupportModulesInManaged (2ms)
			SetLoadedEditorAssemblies (2ms)
			RefreshPlugins (0ms)
			BeforeProcessingInitializeOnLoad (28ms)
			ProcessInitializeOnLoadAttributes (165ms)
			ProcessInitializeOnLoadMethodAttributes (10ms)
			AfterProcessingInitializeOnLoad (1ms)
			EditorAssembliesLoaded (0ms)
		ExecutionOrderSort2 (0ms)
		AwakeInstancesAfterBackupRestoration (2ms)
Launching external process: /Applications/Unity/Hub/Editor/2022.3.12f1/Unity.app/Contents/Tools/UnityShaderCompiler
Launched and connected shader compiler UnityShaderCompiler after 0.03 seconds
Refreshing native plugins compatible for Editor in 0.80 ms, found 2 plugins.
Preloading 0 native plugins for Editor in 0.00 ms.
Unloading 3082 Unused Serialized files (Serialized files now loaded: 0)
Unloading 32 unused Assets / (51.1 KB). Loaded Objects now: 3543.
Memory consumption went from 128.9 MB to 128.9 MB.
Total: 1.971500 ms (FindLiveObjects: 0.075833 ms CreateObjectMapping: 0.044083 ms MarkObjects: 1.797875 ms  DeleteObjects: 0.053500 ms)

AssetImportParameters requested are different than current active one (requested -> active):
  custom:container-demuxer-ogg: 62fdf1f143b41e24485cea50d1cbac27 -> 
  custom:video-decoder-ogg-theora: a1e56fd34408186e4bbccfd4996cb3dc -> 
  custom:CustomObjectIndexerAttribute: 756ad292c208cfabdd7b50bc23989ffe -> 
  custom:container-demuxer-webm: 4f35f7cbe854078d1ac9338744f61a02 -> 
  custom:container-muxer-webm: aa71ff27fc2769a1b78a27578f13a17b -> 
  custom:video-decoder-webm-vp8: 9c59270c3fd7afecdb556c50c9e8de78 -> 
  custom:SearchIndexIgnoredProperties: e643bd26f0fe6173181afceb89e7c659 -> 
  custom:AudioImporter_EditorPlatform: 3918e3fc78b5a79bad01e8451be0beb8 -> 
  custom:framework-osx-AVFoundation: e770b220cccbd017edd2c1fefb359320 -> 
  custom:video-encoder-webm-vp8: eb34c28f22e8b96e1ab97ce403110664 -> 
  custom:audio-decoder-ogg-vorbis: bf7c407c2cedff20999df2af8eb42d56 -> 
  custom:audio-encoder-webm-vorbis: bf7c407c2cedff20999df2af8eb42d56 -> 
========================================================================
Received Import Request.
  Time since last request: 15571.184598 seconds.
  path: Assets/prefabs/wall_arched (1).prefab
  artifactKey: Guid(d14d4afb3955e4d1e89ee7301dd38ce0) Importer(815301076,1909f56bfc062723c751e8b465ee728b)
Start importing Assets/prefabs/wall_arched (1).prefab using Guid(d14d4afb3955e4d1e89ee7301dd38ce0) Importer(815301076,1909f56bfc062723c751e8b465ee728b)  -> (artifact id: '5a6f8d93915d217cb210a4b6adcc4647') in 0.056032 seconds
Number of updated asset objects reloaded before import = 0
Number of asset objects unloaded after import = 17
========================================================================
Received Import Request.
  Time since last request: 4.862674 seconds.
  path: Assets/prefabs/wall_pillar.prefab
  artifactKey: Guid(21dbcbc2306464dc5b67c7dd9222b8e1) Importer(815301076,1909f56bfc062723c751e8b465ee728b)
Start importing Assets/prefabs/wall_pillar.prefab using Guid(21dbcbc2306464dc5b67c7dd9222b8e1) Importer(815301076,1909f56bfc062723c751e8b465ee728b)  -> (artifact id: '9e08cbe7f7504acb6524404e455687cc') in 0.005214 seconds
Number of updated asset objects reloaded before import = 0
Number of asset objects unloaded after import = 18
========================================================================
Received Import Request.
  Time since last request: 46.818190 seconds.
  path: Assets/Models/Castle Kit/Assets/obj/floor_dirt_small_A.obj
  artifactKey: Guid(af074569542504581a63d1ae070819ff) Importer(815301076,1909f56bfc062723c751e8b465ee728b)
Start importing Assets/Models/Castle Kit/Assets/obj/floor_dirt_small_A.obj using Guid(af074569542504581a63d1ae070819ff) Importer(815301076,1909f56bfc062723c751e8b465ee728b)  -> (artifact id: 'bca3ed766e9487140b785ca7c743057f') in 0.024755 seconds
Number of updated asset objects reloaded before import = 0
Number of asset objects unloaded after import = 11
========================================================================
Received Import Request.
  Time since last request: 0.000033 seconds.
  path: Assets/Models/Castle Kit/Assets/obj/floor_tile_small_corner.obj
  artifactKey: Guid(9532d8a46ba054d08a7396f4fcf4dc49) Importer(815301076,1909f56bfc062723c751e8b465ee728b)
Start importing Assets/Models/Castle Kit/Assets/obj/floor_tile_small_corner.obj using Guid(9532d8a46ba054d08a7396f4fcf4dc49) Importer(815301076,1909f56bfc062723c751e8b465ee728b)  -> (artifact id: 'c6b3db1148394057b90af7921b1782ec') in 0.008258 seconds
Number of updated asset objects reloaded before import = 0
Number of asset objects unloaded after import = 11
========================================================================
Received Import Request.
  Time since last request: 0.000027 seconds.
  path: Assets/Models/Castle Kit/Assets/obj/floor_dirt_small_C.obj
  artifactKey: Guid(c3e5c71a48b364bd781cd0dbb10d85d5) Importer(815301076,1909f56bfc062723c751e8b465ee728b)
Start importing Assets/Models/Castle Kit/Assets/obj/floor_dirt_small_C.obj using Guid(c3e5c71a48b364bd781cd0dbb10d85d5) Importer(815301076,1909f56bfc062723c751e8b465ee728b)  -> (artifact id: 'a63a3a911000e189628bd31ed3099586') in 0.007775 seconds
Number of updated asset objects reloaded before import = 0
Number of asset objects unloaded after import = 11
========================================================================
Received Import Request.
  Time since last request: 0.000268 seconds.
  path: Assets/Models/Castle Kit/Assets/obj/floor_dirt_small_D.obj
  artifactKey: Guid(2c7a93cfbb54e4926beb14eb3151ec3b) Importer(815301076,1909f56bfc062723c751e8b465ee728b)
Start importing Assets/Models/Castle Kit/Assets/obj/floor_dirt_small_D.obj using Guid(2c7a93cfbb54e4926beb14eb3151ec3b) Importer(815301076,1909f56bfc062723c751e8b465ee728b)  -> (artifact id: '0c315547020e4391ede2fa0ea82021a6') in 0.008070 seconds
Number of updated asset objects reloaded before import = 0
Number of asset objects unloaded after import = 11
========================================================================
Received Import Request.
  Time since last request: 0.000033 seconds.
  path: Assets/Models/Castle Kit/Assets/obj/floor_foundation_diagonal_corner.obj
  artifactKey: Guid(df6799b1049bc4b989845075717681f3) Importer(815301076,1909f56bfc062723c751e8b465ee728b)
Start importing Assets/Models/Castle Kit/Assets/obj/floor_foundation_diagonal_corner.obj using Guid(df6799b1049bc4b989845075717681f3) Importer(815301076,1909f56bfc062723c751e8b465ee728b)  -> (artifact id: 'ce014bebd4c1f1a82bed3d0f5f74da60') in 0.008525 seconds
Number of updated asset objects reloaded before import = 0
Number of asset objects unloaded after import = 11
========================================================================
Received Import Request.
  Time since last request: 0.000030 seconds.
  path: Assets/Models/Castle Kit/Assets/obj/floor_tile_large.obj
  artifactKey: Guid(35149dd92d06549c6a7b2fb6d536c4ef) Importer(815301076,1909f56bfc062723c751e8b465ee728b)
Start importing Assets/Models/Castle Kit/Assets/obj/floor_tile_large.obj using Guid(35149dd92d06549c6a7b2fb6d536c4ef) Importer(815301076,1909f56bfc062723c751e8b465ee728b)  -> (artifact id: 'd900042dc2c0e8d116426b9bfcfeccef') in 0.007502 seconds
Number of updated asset objects reloaded before import = 0
Number of asset objects unloaded after import = 11
========================================================================
Received Import Request.
  Time since last request: 0.000067 seconds.
  path: Assets/Models/Castle Kit/Assets/obj/floor_tile_extralarge_grates_open.obj
  artifactKey: Guid(77a4181facd9243cdba6c6992dd063fc) Importer(815301076,1909f56bfc062723c751e8b465ee728b)
Start importing Assets/Models/Castle Kit/Assets/obj/floor_tile_extralarge_grates_open.obj using Guid(77a4181facd9243cdba6c6992dd063fc) Importer(815301076,1909f56bfc062723c751e8b465ee728b)  -> (artifact id: '42148f5ecf61652db8627f444a5a944a') in 0.008494 seconds
Number of updated asset objects reloaded before import = 0
Number of asset objects unloaded after import = 11
========================================================================
Received Import Request.
  Time since last request: 0.000096 seconds.
  path: Assets/Models/Castle Kit/Assets/obj/floor_tile_extralarge_grates.obj
  artifactKey: Guid(49ef4e99f323d4c86a2fca4f1fd186ef) Importer(815301076,1909f56bfc062723c751e8b465ee728b)
Start importing Assets/Models/Castle Kit/Assets/obj/floor_tile_extralarge_grates.obj using Guid(49ef4e99f323d4c86a2fca4f1fd186ef) Importer(815301076,1909f56bfc062723c751e8b465ee728b)  -> (artifact id: '5cd270b83b4d61be4c424ff1cda2981c') in 0.008765 seconds
Number of updated asset objects reloaded before import = 0
Number of asset objects unloaded after import = 11
========================================================================
Received Import Request.
  Time since last request: 0.000081 seconds.
  path: Assets/Models/Castle Kit/Assets/obj/floor_foundation_corner.obj
  artifactKey: Guid(c3d00ce3c16db4a1faa6c65a131b11a4) Importer(815301076,1909f56bfc062723c751e8b465ee728b)
Start importing Assets/Models/Castle Kit/Assets/obj/floor_foundation_corner.obj using Guid(c3d00ce3c16db4a1faa6c65a131b11a4) Importer(815301076,1909f56bfc062723c751e8b465ee728b)  -> (artifact id: 'aed17ba425fbd22b71e6f8d4199ab10a') in 0.008598 seconds
Number of updated asset objects reloaded before import = 0
Number of asset objects unloaded after import = 11
========================================================================
Received Import Request.
  Time since last request: 0.000032 seconds.
  path: Assets/Models/Castle Kit/Assets/obj/floor_tile_small_broken_B.obj
  artifactKey: Guid(84da79d46750941499ce4f787b47005d) Importer(815301076,1909f56bfc062723c751e8b465ee728b)
Start importing Assets/Models/Castle Kit/Assets/obj/floor_tile_small_broken_B.obj using Guid(84da79d46750941499ce4f787b47005d) Importer(815301076,1909f56bfc062723c751e8b465ee728b)  -> (artifact id: '6a2469f6f2ea03f90c01db491a084e95') in 0.008373 seconds
Number of updated asset objects reloaded before import = 0
Number of asset objects unloaded after import = 11
========================================================================
Received Import Request.
  Time since last request: 0.000087 seconds.
  path: Assets/Models/Castle Kit/Assets/obj/floor_tile_small_broken_A.obj
  artifactKey: Guid(894949888ca6e4853ae2e9a719689f40) Importer(815301076,1909f56bfc062723c751e8b465ee728b)
Start importing Assets/Models/Castle Kit/Assets/obj/floor_tile_small_broken_A.obj using Guid(894949888ca6e4853ae2e9a719689f40) Importer(815301076,1909f56bfc062723c751e8b465ee728b)  -> (artifact id: '6958ab2a32bf12d62e2f2b1286011f77') in 0.008203 seconds
Number of updated asset objects reloaded before import = 0
Number of asset objects unloaded after import = 11
========================================================================
Received Import Request.
  Time since last request: 0.000022 seconds.
  path: Assets/Models/Castle Kit/Assets/obj/floor_tile_small_decorated.obj
  artifactKey: Guid(831bde23619d84705aea2a0bd7d93342) Importer(815301076,1909f56bfc062723c751e8b465ee728b)
Start importing Assets/Models/Castle Kit/Assets/obj/floor_tile_small_decorated.obj using Guid(831bde23619d84705aea2a0bd7d93342) Importer(815301076,1909f56bfc062723c751e8b465ee728b)  -> (artifact id: '101446f32520ac502a6ffe0e2ca68983') in 0.008228 seconds
Number of updated asset objects reloaded before import = 0
Number of asset objects unloaded after import = 11
========================================================================
Received Import Request.
  Time since last request: 0.000068 seconds.
  path: Assets/Models/Castle Kit/Assets/obj/floor_tile_big_spikes.obj
  artifactKey: Guid(ea342c90c060c4b06ae97ee4dc1cc00a) Importer(815301076,1909f56bfc062723c751e8b465ee728b)
Start importing Assets/Models/Castle Kit/Assets/obj/floor_tile_big_spikes.obj using Guid(ea342c90c060c4b06ae97ee4dc1cc00a) Importer(815301076,1909f56bfc062723c751e8b465ee728b)  -> (artifact id: '3a319e965a27c61476cd208f5c341330') in 0.008797 seconds
Number of updated asset objects reloaded before import = 0
Number of asset objects unloaded after import = 11
========================================================================
Received Import Request.
  Time since last request: 0.000034 seconds.
  path: Assets/Models/Castle Kit/Assets/obj/floor_foundation_front.obj
  artifactKey: Guid(ac773e8ea507f4c808bc228ba20b86b7) Importer(815301076,1909f56bfc062723c751e8b465ee728b)
Start importing Assets/Models/Castle Kit/Assets/obj/floor_foundation_front.obj using Guid(ac773e8ea507f4c808bc228ba20b86b7) Importer(815301076,1909f56bfc062723c751e8b465ee728b)  -> (artifact id: '9c0616ea0bc08934265e59c79c77d936') in 0.008116 seconds
Number of updated asset objects reloaded before import = 0
Number of asset objects unloaded after import = 11
Editor requested this worker to shutdown with reason: Scaling down because of idle timeout
TcpMessagingSession - receive error: operation aborted. errorcode: 89, details: Operation aborted.
AssetImportWorker is now disconnected from the server
Process exiting
